-- The C compiler identification is GNU 9.4.0
-- The CXX compiler identification is GNU 9.4.0
-- Check for working C compiler: /usr/bin/cc
-- Check for working C compiler: /usr/bin/cc -- works
-- Detecting C compiler ABI info
-- Detecting C compiler ABI info - done
-- Detecting C compile features
-- Detecting C compile features - done
-- Check for working CXX compiler: /usr/bin/c++
-- Check for working CXX compiler: /usr/bin/c++ -- works
-- Detecting CXX compiler ABI info
-- Detecting CXX compiler ABI info - done
-- Detecting CXX compile features
-- Detecting CXX compile features - done
-- Found ament_cmake: 1.1.6 (/opt/ros/galactic/share/ament_cmake/cmake)
-- Found PythonInterp: /usr/bin/python3 (found suitable version "3.8.10", minimum required is "3") 
-- Using PYTHON_EXECUTABLE: /usr/bin/python3
-- Override CMake install command with custom implementation using symlinks instead of copying resources
-- Found ament_lint_auto: 0.10.7 (/opt/ros/galactic/share/ament_lint_auto/cmake)
-- Added test 'copyright' to check source files copyright and LICENSE
-- Added test 'lint_cmake' to check CMake code style
-- Added test 'xmllint' to check XML markup files
-- Configuring done
-- Generating done
-- Build files have been written to: /home/val/ros2_ws/build/in424_desc
-- Install configuration: ""
-- Execute custom install script
-- Symlinking: /home/val/ros2_ws/install/in424_desc/share/in424_desc/xacro/macro.xacro
-- Symlinking: /home/val/ros2_ws/install/in424_desc/share/in424_desc/xacro/materials.xacro
-- Symlinking: /home/val/ros2_ws/install/in424_desc/share/in424_desc/xacro/robot.gazebo
-- Symlinking: /home/val/ros2_ws/install/in424_desc/share/in424_desc/xacro/robot.xacro
-- Symlinking: /home/val/ros2_ws/install/in424_desc/share/ament_index/resource_index/package_run_dependencies/in424_desc
-- Symlinking: /home/val/ros2_ws/install/in424_desc/share/ament_index/resource_index/parent_prefix_path/in424_desc
-- Symlinking: /home/val/ros2_ws/install/in424_desc/share/in424_desc/environment/ament_prefix_path.sh
-- Symlinking: /home/val/ros2_ws/install/in424_desc/share/in424_desc/environment/ament_prefix_path.dsv
-- Symlinking: /home/val/ros2_ws/install/in424_desc/share/in424_desc/environment/path.sh
-- Symlinking: /home/val/ros2_ws/install/in424_desc/share/in424_desc/environment/path.dsv
-- Symlinking: /home/val/ros2_ws/install/in424_desc/share/in424_desc/local_setup.bash
-- Symlinking: /home/val/ros2_ws/install/in424_desc/share/in424_desc/local_setup.sh
-- Symlinking: /home/val/ros2_ws/install/in424_desc/share/in424_desc/local_setup.zsh
-- Symlinking: /home/val/ros2_ws/install/in424_desc/share/in424_desc/local_setup.dsv
-- Symlinking: /home/val/ros2_ws/install/in424_desc/share/in424_desc/package.dsv
-- Symlinking: /home/val/ros2_ws/install/in424_desc/share/ament_index/resource_index/packages/in424_desc
-- Symlinking: /home/val/ros2_ws/install/in424_desc/share/in424_desc/cmake/in424_descConfig.cmake
-- Symlinking: /home/val/ros2_ws/install/in424_desc/share/in424_desc/cmake/in424_descConfig-version.cmake
-- Symlinking: /home/val/ros2_ws/install/in424_desc/share/in424_desc/package.xml
