[1.796s] Invoking command in '/home/val/ros2_ws/build/in424_nav': PYTHONPATH=/home/val/ros2_ws/build/in424_nav/prefix_override:/usr/lib/python3/dist-packages/colcon_core/task/python/colcon_distutils_commands:/home/val/ros2_ws/install/in424_nav/lib/python3.8/site-packages:${PYTHONPATH} /usr/bin/python3 -W ignore:setup.py install is deprecated -W ignore:easy_install command is deprecated setup.py develop --editable --build-directory /home/val/ros2_ws/build/in424_nav/build --no-deps symlink_data
[2.358s] running develop
[2.667s] running egg_info
[2.667s] creating in424_nav.egg-info
[2.668s] writing in424_nav.egg-info/PKG-INFO
[2.668s] writing dependency_links to in424_nav.egg-info/dependency_links.txt
[2.668s] writing entry points to in424_nav.egg-info/entry_points.txt
[2.668s] writing requirements to in424_nav.egg-info/requires.txt
[2.668s] writing top-level names to in424_nav.egg-info/top_level.txt
[2.671s] writing manifest file 'in424_nav.egg-info/SOURCES.txt'
[2.748s] reading manifest file 'in424_nav.egg-info/SOURCES.txt'
[2.750s] writing manifest file 'in424_nav.egg-info/SOURCES.txt'
[2.833s] running build_ext
[2.834s] Creating /home/val/ros2_ws/install/in424_nav/lib/python3.8/site-packages/site.py
[2.839s] Creating /home/val/ros2_ws/install/in424_nav/lib/python3.8/site-packages/in424-nav.egg-link (link to .)
[2.841s] Installing agent script to /home/val/ros2_ws/install/in424_nav/lib/in424_nav
[2.841s] Installing map_manager script to /home/val/ros2_ws/install/in424_nav/lib/in424_nav
[2.841s] Installing tf_publishers script to /home/val/ros2_ws/install/in424_nav/lib/in424_nav
[2.842s] 
[2.842s] Installed /home/val/ros2_ws/build/in424_nav
[2.842s] running symlink_data
[2.842s] creating /home/val/ros2_ws/install/in424_nav/share/ament_index
[2.842s] creating /home/val/ros2_ws/install/in424_nav/share/ament_index/resource_index
[2.843s] creating /home/val/ros2_ws/install/in424_nav/share/ament_index/resource_index/packages
[2.843s] symbolically linking /home/val/ros2_ws/build/in424_nav/resource/in424_nav -> /home/val/ros2_ws/install/in424_nav/share/ament_index/resource_index/packages
[2.843s] symbolically linking /home/val/ros2_ws/build/in424_nav/package.xml -> /home/val/ros2_ws/install/in424_nav/share/in424_nav
[2.843s] symbolically linking /home/val/ros2_ws/build/in424_nav/launch/agents_launch.py -> /home/val/ros2_ws/install/in424_nav/share/in424_nav
[2.928s] Invoked command in '/home/val/ros2_ws/build/in424_nav' returned '0': PYTHONPATH=/home/val/ros2_ws/build/in424_nav/prefix_override:/usr/lib/python3/dist-packages/colcon_core/task/python/colcon_distutils_commands:/home/val/ros2_ws/install/in424_nav/lib/python3.8/site-packages:${PYTHONPATH} /usr/bin/python3 -W ignore:setup.py install is deprecated -W ignore:easy_install command is deprecated setup.py develop --editable --build-directory /home/val/ros2_ws/build/in424_nav/build --no-deps symlink_data
