[0.080s] Invoking command in '/home/val/ros2_ws/build/in424_msgs': CMAKE_PREFIX_PATH=/opt/ros/galactic /usr/bin/cmake /home/val/ros2_ws/src/IN424/in424_msgs -DAMENT_CMAKE_SYMLINK_INSTALL=1 -DCMAKE_INSTALL_PREFIX=/home/val/ros2_ws/install/in424_msgs
[0.615s] -- The C compiler identification is GNU 9.4.0
[0.717s] -- The CXX compiler identification is GNU 9.4.0
[0.738s] -- Check for working C compiler: /usr/bin/cc
[0.920s] -- Check for working C compiler: /usr/bin/cc -- works
[0.927s] -- Detecting C compiler ABI info
[1.101s] -- Detecting C compiler ABI info - done
[1.124s] -- Detecting C compile features
[1.125s] -- Detecting C compile features - done
[1.134s] -- Check for working CXX compiler: /usr/bin/c++
[1.316s] -- Check for working CXX compiler: /usr/bin/c++ -- works
[1.318s] -- Detecting CXX compiler ABI info
[1.489s] -- Detecting CXX compiler ABI info - done
[1.520s] -- Detecting CXX compile features
[1.522s] -- Detecting CXX compile features - done
[1.543s] -- Found ament_cmake: 1.1.6 (/opt/ros/galactic/share/ament_cmake/cmake)
[1.610s] -- Found PythonInterp: /usr/bin/python3 (found suitable version "3.8.10", minimum required is "3") 
[1.611s] -- Using PYTHON_EXECUTABLE: /usr/bin/python3
[1.764s] -- Override CMake install command with custom implementation using symlinks instead of copying resources
[1.853s] -- Found rosidl_default_generators: 1.1.1 (/opt/ros/galactic/share/rosidl_default_generators/cmake)
[1.866s] -- Using all available rosidl_typesupport_c: rosidl_typesupport_fastrtps_c;rosidl_typesupport_introspection_c
[1.895s] -- Found rosidl_adapter: 2.2.3 (/opt/ros/galactic/share/rosidl_adapter/cmake)
[2.193s] -- Found OpenSSL: /usr/lib/x86_64-linux-gnu/libcrypto.so (found version "1.1.1f")  
[2.268s] -- Found FastRTPS: /opt/ros/galactic/include  
[2.516s] -- Using all available rosidl_typesupport_cpp: rosidl_typesupport_fastrtps_cpp;rosidl_typesupport_introspection_cpp
[2.597s] -- Found ament_lint_auto: 0.10.7 (/opt/ros/galactic/share/ament_lint_auto/cmake)
[2.763s] -- Added test 'copyright' to check source files copyright and LICENSE
[2.768s] -- Added test 'lint_cmake' to check CMake code style
[2.770s] -- Added test 'xmllint' to check XML markup files
[2.776s] -- Configuring done
[2.781s] -- Generating done
[2.785s] -- Build files have been written to: /home/val/ros2_ws/build/in424_msgs
[2.809s] Invoked command in '/home/val/ros2_ws/build/in424_msgs' returned '0': CMAKE_PREFIX_PATH=/opt/ros/galactic /usr/bin/cmake /home/val/ros2_ws/src/IN424/in424_msgs -DAMENT_CMAKE_SYMLINK_INSTALL=1 -DCMAKE_INSTALL_PREFIX=/home/val/ros2_ws/install/in424_msgs
[2.812s] Invoking command in '/home/val/ros2_ws/build/in424_msgs': CMAKE_PREFIX_PATH=/opt/ros/galactic /usr/bin/cmake --build /home/val/ros2_ws/build/in424_msgs -- -j5 -l5
[2.888s] Invoked command in '/home/val/ros2_ws/build/in424_msgs' returned '0': CMAKE_PREFIX_PATH=/opt/ros/galactic /usr/bin/cmake --build /home/val/ros2_ws/build/in424_msgs -- -j5 -l5
[2.895s] Invoking command in '/home/val/ros2_ws/build/in424_msgs': CMAKE_PREFIX_PATH=/opt/ros/galactic /usr/bin/cmake --install /home/val/ros2_ws/build/in424_msgs
[2.910s] -- Install configuration: ""
[2.910s] -- Execute custom install script
[2.911s] -- Symlinking: /home/val/ros2_ws/install/in424_msgs/share/ament_index/resource_index/package_run_dependencies/in424_msgs
[2.929s] -- Symlinking: /home/val/ros2_ws/install/in424_msgs/share/ament_index/resource_index/parent_prefix_path/in424_msgs
[2.948s] -- Symlinking: /home/val/ros2_ws/install/in424_msgs/share/in424_msgs/environment/ament_prefix_path.sh
[2.965s] -- Symlinking: /home/val/ros2_ws/install/in424_msgs/share/in424_msgs/environment/ament_prefix_path.dsv
[2.983s] -- Symlinking: /home/val/ros2_ws/install/in424_msgs/share/in424_msgs/environment/path.sh
[3.001s] -- Symlinking: /home/val/ros2_ws/install/in424_msgs/share/in424_msgs/environment/path.dsv
[3.017s] -- Symlinking: /home/val/ros2_ws/install/in424_msgs/share/in424_msgs/local_setup.bash
[3.035s] -- Symlinking: /home/val/ros2_ws/install/in424_msgs/share/in424_msgs/local_setup.sh
[3.052s] -- Symlinking: /home/val/ros2_ws/install/in424_msgs/share/in424_msgs/local_setup.zsh
[3.069s] -- Symlinking: /home/val/ros2_ws/install/in424_msgs/share/in424_msgs/local_setup.dsv
[3.085s] -- Symlinking: /home/val/ros2_ws/install/in424_msgs/share/in424_msgs/package.dsv
[3.103s] -- Symlinking: /home/val/ros2_ws/install/in424_msgs/share/ament_index/resource_index/packages/in424_msgs
[3.121s] -- Symlinking: /home/val/ros2_ws/install/in424_msgs/share/in424_msgs/cmake/in424_msgsConfig.cmake
[3.137s] -- Symlinking: /home/val/ros2_ws/install/in424_msgs/share/in424_msgs/cmake/in424_msgsConfig-version.cmake
[3.153s] -- Symlinking: /home/val/ros2_ws/install/in424_msgs/share/in424_msgs/package.xml
[3.174s] Invoked command in '/home/val/ros2_ws/build/in424_msgs' returned '0': CMAKE_PREFIX_PATH=/opt/ros/galactic /usr/bin/cmake --install /home/val/ros2_ws/build/in424_msgs
