[0.666s] DEBUG:colcon:Command line arguments: ['/usr/bin/colcon', 'build', '--symlink-install']
[0.667s] DEBUG:colcon:Parsed command line arguments: Namespace(allow_overriding=[], ament_cmake_args=None, base_paths=['.'], build_base='build', catkin_cmake_args=None, catkin_skip_building_tests=False, cmake_args=None, cmake_clean_cache=False, cmake_clean_first=False, cmake_force_configure=False, cmake_target=None, cmake_target_skip_unavailable=False, continue_on_error=False, event_handlers=None, executor='parallel', ignore_user_meta=False, install_base='install', log_base=None, log_level=None, main=<bound method BuildVerb.main of <colcon_core.verb.build.BuildVerb object at 0x7f26d10c1f10>>, merge_install=False, metas=['./colcon.meta'], packages_above=None, packages_above_and_dependencies=None, packages_above_depth=None, packages_end=None, packages_ignore=None, packages_ignore_regex=None, packages_select=None, packages_select_build_failed=False, packages_select_by_dep=None, packages_select_regex=None, packages_select_test_failures=False, packages_skip=None, packages_skip_build_finished=False, packages_skip_by_dep=None, packages_skip_regex=None, packages_skip_test_passed=False, packages_skip_up_to=None, packages_start=None, packages_up_to=None, packages_up_to_regex=None, parallel_workers=5, paths=None, symlink_install=True, test_result_base=None, verb_extension=<colcon_core.verb.build.BuildVerb object at 0x7f26d10c1f10>, verb_name='build', verb_parser=<colcon_defaults.argument_parser.defaults.DefaultArgumentsDecorator object at 0x7f26d10ef9d0>)
[1.066s] Level 1:colcon.colcon_core.package_discovery:discover_packages(colcon_meta) check parameters
[1.067s] Level 1:colcon.colcon_core.package_discovery:discover_packages(recursive) check parameters
[1.067s] Level 1:colcon.colcon_core.package_discovery:discover_packages(ignore) check parameters
[1.067s] Level 1:colcon.colcon_core.package_discovery:discover_packages(path) check parameters
[1.067s] Level 1:colcon.colcon_core.package_discovery:discover_packages(colcon_meta) discover
[1.067s] Level 1:colcon.colcon_core.package_discovery:discover_packages(recursive) discover
[1.067s] INFO:colcon.colcon_core.package_discovery:Crawling recursively for packages in '/home/val/ros2_ws'
[1.067s] Level 1:colcon.colcon_core.package_identification:_identify(.) by extensions ['ignore', 'ignore_ament_install']
[1.067s] Level 1:colcon.colcon_core.package_identification:_identify(.) by extension 'ignore'
[1.067s] Level 1:colcon.colcon_core.package_identification:_identify(.) by extension 'ignore_ament_install'
[1.068s] Level 1:colcon.colcon_core.package_identification:_identify(.) by extensions ['colcon_pkg']
[1.068s] Level 1:colcon.colcon_core.package_identification:_identify(.) by extension 'colcon_pkg'
[1.068s] Level 1:colcon.colcon_core.package_identification:_identify(.) by extensions ['colcon_meta']
[1.068s] Level 1:colcon.colcon_core.package_identification:_identify(.) by extension 'colcon_meta'
[1.068s] Level 1:colcon.colcon_core.package_identification:_identify(.) by extensions ['ros']
[1.068s] Level 1:colcon.colcon_core.package_identification:_identify(.) by extension 'ros'
[1.099s] Level 1:colcon.colcon_core.package_identification:_identify(.) by extensions ['cmake', 'python']
[1.099s] Level 1:colcon.colcon_core.package_identification:_identify(.) by extension 'cmake'
[1.099s] Level 1:colcon.colcon_core.package_identification:_identify(.) by extension 'python'
[1.100s] Level 1:colcon.colcon_core.package_identification:_identify(.) by extensions ['python_setup_py']
[1.100s] Level 1:colcon.colcon_core.package_identification:_identify(.) by extension 'python_setup_py'
[1.100s] Level 1:colcon.colcon_core.package_identification:_identify(build) by extensions ['ignore', 'ignore_ament_install']
[1.100s] Level 1:colcon.colcon_core.package_identification:_identify(build) by extension 'ignore'
[1.100s] Level 1:colcon.colcon_core.package_identification:_identify(build) ignored
[1.100s] Level 1:colcon.colcon_core.package_identification:_identify(install) by extensions ['ignore', 'ignore_ament_install']
[1.101s] Level 1:colcon.colcon_core.package_identification:_identify(install) by extension 'ignore'
[1.101s] Level 1:colcon.colcon_core.package_identification:_identify(install) ignored
[1.101s] Level 1:colcon.colcon_core.package_identification:_identify(log) by extensions ['ignore', 'ignore_ament_install']
[1.101s] Level 1:colcon.colcon_core.package_identification:_identify(log) by extension 'ignore'
[1.101s] Level 1:colcon.colcon_core.package_identification:_identify(log) ignored
[1.101s] Level 1:colcon.colcon_core.package_identification:_identify(src) by extensions ['ignore', 'ignore_ament_install']
[1.101s] Level 1:colcon.colcon_core.package_identification:_identify(src) by extension 'ignore'
[1.102s] Level 1:colcon.colcon_core.package_identification:_identify(src) by extension 'ignore_ament_install'
[1.102s] Level 1:colcon.colcon_core.package_identification:_identify(src) by extensions ['colcon_pkg']
[1.102s] Level 1:colcon.colcon_core.package_identification:_identify(src) by extension 'colcon_pkg'
[1.102s] Level 1:colcon.colcon_core.package_identification:_identify(src) by extensions ['colcon_meta']
[1.102s] Level 1:colcon.colcon_core.package_identification:_identify(src) by extension 'colcon_meta'
[1.102s] Level 1:colcon.colcon_core.package_identification:_identify(src) by extensions ['ros']
[1.102s] Level 1:colcon.colcon_core.package_identification:_identify(src) by extension 'ros'
[1.102s] Level 1:colcon.colcon_core.package_identification:_identify(src) by extensions ['cmake', 'python']
[1.102s] Level 1:colcon.colcon_core.package_identification:_identify(src) by extension 'cmake'
[1.102s] Level 1:colcon.colcon_core.package_identification:_identify(src) by extension 'python'
[1.102s] Level 1:colcon.colcon_core.package_identification:_identify(src) by extensions ['python_setup_py']
[1.103s] Level 1:colcon.colcon_core.package_identification:_identify(src) by extension 'python_setup_py'
[1.103s] Level 1:colcon.colcon_core.package_identification:_identify(src/IN424) by extensions ['ignore', 'ignore_ament_install']
[1.103s] Level 1:colcon.colcon_core.package_identification:_identify(src/IN424) by extension 'ignore'
[1.103s] Level 1:colcon.colcon_core.package_identification:_identify(src/IN424) by extension 'ignore_ament_install'
[1.103s] Level 1:colcon.colcon_core.package_identification:_identify(src/IN424) by extensions ['colcon_pkg']
[1.103s] Level 1:colcon.colcon_core.package_identification:_identify(src/IN424) by extension 'colcon_pkg'
[1.103s] Level 1:colcon.colcon_core.package_identification:_identify(src/IN424) by extensions ['colcon_meta']
[1.103s] Level 1:colcon.colcon_core.package_identification:_identify(src/IN424) by extension 'colcon_meta'
[1.103s] Level 1:colcon.colcon_core.package_identification:_identify(src/IN424) by extensions ['ros']
[1.103s] Level 1:colcon.colcon_core.package_identification:_identify(src/IN424) by extension 'ros'
[1.104s] Level 1:colcon.colcon_core.package_identification:_identify(src/IN424) by extensions ['cmake', 'python']
[1.104s] Level 1:colcon.colcon_core.package_identification:_identify(src/IN424) by extension 'cmake'
[1.104s] Level 1:colcon.colcon_core.package_identification:_identify(src/IN424) by extension 'python'
[1.104s] Level 1:colcon.colcon_core.package_identification:_identify(src/IN424) by extensions ['python_setup_py']
[1.104s] Level 1:colcon.colcon_core.package_identification:_identify(src/IN424) by extension 'python_setup_py'
[1.104s] Level 1:colcon.colcon_core.package_identification:_identify(src/IN424/in424_desc) by extensions ['ignore', 'ignore_ament_install']
[1.104s] Level 1:colcon.colcon_core.package_identification:_identify(src/IN424/in424_desc) by extension 'ignore'
[1.104s] Level 1:colcon.colcon_core.package_identification:_identify(src/IN424/in424_desc) by extension 'ignore_ament_install'
[1.104s] Level 1:colcon.colcon_core.package_identification:_identify(src/IN424/in424_desc) by extensions ['colcon_pkg']
[1.105s] Level 1:colcon.colcon_core.package_identification:_identify(src/IN424/in424_desc) by extension 'colcon_pkg'
[1.105s] Level 1:colcon.colcon_core.package_identification:_identify(src/IN424/in424_desc) by extensions ['colcon_meta']
[1.105s] Level 1:colcon.colcon_core.package_identification:_identify(src/IN424/in424_desc) by extension 'colcon_meta'
[1.105s] Level 1:colcon.colcon_core.package_identification:_identify(src/IN424/in424_desc) by extensions ['ros']
[1.105s] Level 1:colcon.colcon_core.package_identification:_identify(src/IN424/in424_desc) by extension 'ros'
[1.116s] DEBUG:colcon.colcon_core.package_identification:Package 'src/IN424/in424_desc' with type 'ros.ament_cmake' and name 'in424_desc'
[1.116s] Level 1:colcon.colcon_core.package_identification:_identify(src/IN424/in424_msgs) by extensions ['ignore', 'ignore_ament_install']
[1.117s] Level 1:colcon.colcon_core.package_identification:_identify(src/IN424/in424_msgs) by extension 'ignore'
[1.117s] Level 1:colcon.colcon_core.package_identification:_identify(src/IN424/in424_msgs) by extension 'ignore_ament_install'
[1.117s] Level 1:colcon.colcon_core.package_identification:_identify(src/IN424/in424_msgs) by extensions ['colcon_pkg']
[1.117s] Level 1:colcon.colcon_core.package_identification:_identify(src/IN424/in424_msgs) by extension 'colcon_pkg'
[1.118s] Level 1:colcon.colcon_core.package_identification:_identify(src/IN424/in424_msgs) by extensions ['colcon_meta']
[1.118s] Level 1:colcon.colcon_core.package_identification:_identify(src/IN424/in424_msgs) by extension 'colcon_meta'
[1.118s] Level 1:colcon.colcon_core.package_identification:_identify(src/IN424/in424_msgs) by extensions ['ros']
[1.118s] Level 1:colcon.colcon_core.package_identification:_identify(src/IN424/in424_msgs) by extension 'ros'
[1.121s] DEBUG:colcon.colcon_core.package_identification:Package 'src/IN424/in424_msgs' with type 'ros.ament_cmake' and name 'in424_msgs'
[1.121s] Level 1:colcon.colcon_core.package_identification:_identify(src/IN424/in424_nav) by extensions ['ignore', 'ignore_ament_install']
[1.121s] Level 1:colcon.colcon_core.package_identification:_identify(src/IN424/in424_nav) by extension 'ignore'
[1.121s] Level 1:colcon.colcon_core.package_identification:_identify(src/IN424/in424_nav) by extension 'ignore_ament_install'
[1.122s] Level 1:colcon.colcon_core.package_identification:_identify(src/IN424/in424_nav) by extensions ['colcon_pkg']
[1.122s] Level 1:colcon.colcon_core.package_identification:_identify(src/IN424/in424_nav) by extension 'colcon_pkg'
[1.122s] Level 1:colcon.colcon_core.package_identification:_identify(src/IN424/in424_nav) by extensions ['colcon_meta']
[1.122s] Level 1:colcon.colcon_core.package_identification:_identify(src/IN424/in424_nav) by extension 'colcon_meta'
[1.122s] Level 1:colcon.colcon_core.package_identification:_identify(src/IN424/in424_nav) by extensions ['ros']
[1.122s] Level 1:colcon.colcon_core.package_identification:_identify(src/IN424/in424_nav) by extension 'ros'
[1.125s] DEBUG:colcon.colcon_core.package_identification:Package 'src/IN424/in424_nav' with type 'ros.ament_python' and name 'in424_nav'
[1.125s] Level 1:colcon.colcon_core.package_identification:_identify(src/IN424/in424_simu) by extensions ['ignore', 'ignore_ament_install']
[1.126s] Level 1:colcon.colcon_core.package_identification:_identify(src/IN424/in424_simu) by extension 'ignore'
[1.126s] Level 1:colcon.colcon_core.package_identification:_identify(src/IN424/in424_simu) by extension 'ignore_ament_install'
[1.126s] Level 1:colcon.colcon_core.package_identification:_identify(src/IN424/in424_simu) by extensions ['colcon_pkg']
[1.126s] Level 1:colcon.colcon_core.package_identification:_identify(src/IN424/in424_simu) by extension 'colcon_pkg'
[1.127s] Level 1:colcon.colcon_core.package_identification:_identify(src/IN424/in424_simu) by extensions ['colcon_meta']
[1.127s] Level 1:colcon.colcon_core.package_identification:_identify(src/IN424/in424_simu) by extension 'colcon_meta'
[1.127s] Level 1:colcon.colcon_core.package_identification:_identify(src/IN424/in424_simu) by extensions ['ros']
[1.127s] Level 1:colcon.colcon_core.package_identification:_identify(src/IN424/in424_simu) by extension 'ros'
[1.130s] DEBUG:colcon.colcon_core.package_identification:Package 'src/IN424/in424_simu' with type 'ros.ament_cmake' and name 'in424_simu'
[1.130s] Level 1:colcon.colcon_core.package_discovery:discover_packages(recursive) using defaults
[1.130s] Level 1:colcon.colcon_core.package_discovery:discover_packages(ignore) discover
[1.130s] Level 1:colcon.colcon_core.package_discovery:discover_packages(ignore) using defaults
[1.130s] Level 1:colcon.colcon_core.package_discovery:discover_packages(path) discover
[1.130s] Level 1:colcon.colcon_core.package_discovery:discover_packages(path) using defaults
[1.165s] Level 1:colcon.colcon_core.package_discovery:discover_packages(prefix_path) check parameters
[1.166s] Level 1:colcon.colcon_core.package_discovery:discover_packages(prefix_path) discover
[1.171s] DEBUG:colcon.colcon_installed_package_information.package_discovery:Found 277 installed packages in /opt/ros/galactic
[1.178s] Level 1:colcon.colcon_core.package_discovery:discover_packages(prefix_path) using defaults
[1.460s] Level 5:colcon.colcon_core.verb:set package 'in424_desc' build argument 'cmake_args' from command line to 'None'
[1.460s] Level 5:colcon.colcon_core.verb:set package 'in424_desc' build argument 'cmake_target' from command line to 'None'
[1.460s] Level 5:colcon.colcon_core.verb:set package 'in424_desc' build argument 'cmake_target_skip_unavailable' from command line to 'False'
[1.461s] Level 5:colcon.colcon_core.verb:set package 'in424_desc' build argument 'cmake_clean_cache' from command line to 'False'
[1.461s] Level 5:colcon.colcon_core.verb:set package 'in424_desc' build argument 'cmake_clean_first' from command line to 'False'
[1.461s] Level 5:colcon.colcon_core.verb:set package 'in424_desc' build argument 'cmake_force_configure' from command line to 'False'
[1.461s] Level 5:colcon.colcon_core.verb:set package 'in424_desc' build argument 'ament_cmake_args' from command line to 'None'
[1.461s] Level 5:colcon.colcon_core.verb:set package 'in424_desc' build argument 'catkin_cmake_args' from command line to 'None'
[1.461s] Level 5:colcon.colcon_core.verb:set package 'in424_desc' build argument 'catkin_skip_building_tests' from command line to 'False'
[1.461s] DEBUG:colcon.colcon_core.verb:Building package 'in424_desc' with the following arguments: {'ament_cmake_args': None, 'build_base': '/home/val/ros2_ws/build/in424_desc', 'catkin_cmake_args': None, 'catkin_skip_building_tests': False, 'cmake_args': None, 'cmake_clean_cache': False, 'cmake_clean_first': False, 'cmake_force_configure': False, 'cmake_target': None, 'cmake_target_skip_unavailable': False, 'install_base': '/home/val/ros2_ws/install/in424_desc', 'merge_install': False, 'path': '/home/val/ros2_ws/src/IN424/in424_desc', 'symlink_install': True, 'test_result_base': None}
[1.463s] Level 5:colcon.colcon_core.verb:set package 'in424_msgs' build argument 'cmake_args' from command line to 'None'
[1.463s] Level 5:colcon.colcon_core.verb:set package 'in424_msgs' build argument 'cmake_target' from command line to 'None'
[1.463s] Level 5:colcon.colcon_core.verb:set package 'in424_msgs' build argument 'cmake_target_skip_unavailable' from command line to 'False'
[1.463s] Level 5:colcon.colcon_core.verb:set package 'in424_msgs' build argument 'cmake_clean_cache' from command line to 'False'
[1.463s] Level 5:colcon.colcon_core.verb:set package 'in424_msgs' build argument 'cmake_clean_first' from command line to 'False'
[1.463s] Level 5:colcon.colcon_core.verb:set package 'in424_msgs' build argument 'cmake_force_configure' from command line to 'False'
[1.463s] Level 5:colcon.colcon_core.verb:set package 'in424_msgs' build argument 'ament_cmake_args' from command line to 'None'
[1.463s] Level 5:colcon.colcon_core.verb:set package 'in424_msgs' build argument 'catkin_cmake_args' from command line to 'None'
[1.463s] Level 5:colcon.colcon_core.verb:set package 'in424_msgs' build argument 'catkin_skip_building_tests' from command line to 'False'
[1.464s] DEBUG:colcon.colcon_core.verb:Building package 'in424_msgs' with the following arguments: {'ament_cmake_args': None, 'build_base': '/home/val/ros2_ws/build/in424_msgs', 'catkin_cmake_args': None, 'catkin_skip_building_tests': False, 'cmake_args': None, 'cmake_clean_cache': False, 'cmake_clean_first': False, 'cmake_force_configure': False, 'cmake_target': None, 'cmake_target_skip_unavailable': False, 'install_base': '/home/val/ros2_ws/install/in424_msgs', 'merge_install': False, 'path': '/home/val/ros2_ws/src/IN424/in424_msgs', 'symlink_install': True, 'test_result_base': None}
[1.465s] Level 5:colcon.colcon_core.verb:set package 'in424_nav' build argument 'cmake_args' from command line to 'None'
[1.465s] Level 5:colcon.colcon_core.verb:set package 'in424_nav' build argument 'cmake_target' from command line to 'None'
[1.465s] Level 5:colcon.colcon_core.verb:set package 'in424_nav' build argument 'cmake_target_skip_unavailable' from command line to 'False'
[1.465s] Level 5:colcon.colcon_core.verb:set package 'in424_nav' build argument 'cmake_clean_cache' from command line to 'False'
[1.466s] Level 5:colcon.colcon_core.verb:set package 'in424_nav' build argument 'cmake_clean_first' from command line to 'False'
[1.466s] Level 5:colcon.colcon_core.verb:set package 'in424_nav' build argument 'cmake_force_configure' from command line to 'False'
[1.466s] Level 5:colcon.colcon_core.verb:set package 'in424_nav' build argument 'ament_cmake_args' from command line to 'None'
[1.466s] Level 5:colcon.colcon_core.verb:set package 'in424_nav' build argument 'catkin_cmake_args' from command line to 'None'
[1.466s] Level 5:colcon.colcon_core.verb:set package 'in424_nav' build argument 'catkin_skip_building_tests' from command line to 'False'
[1.466s] DEBUG:colcon.colcon_core.verb:Building package 'in424_nav' with the following arguments: {'ament_cmake_args': None, 'build_base': '/home/val/ros2_ws/build/in424_nav', 'catkin_cmake_args': None, 'catkin_skip_building_tests': False, 'cmake_args': None, 'cmake_clean_cache': False, 'cmake_clean_first': False, 'cmake_force_configure': False, 'cmake_target': None, 'cmake_target_skip_unavailable': False, 'install_base': '/home/val/ros2_ws/install/in424_nav', 'merge_install': False, 'path': '/home/val/ros2_ws/src/IN424/in424_nav', 'symlink_install': True, 'test_result_base': None}
[1.468s] Level 5:colcon.colcon_core.verb:set package 'in424_simu' build argument 'cmake_args' from command line to 'None'
[1.468s] Level 5:colcon.colcon_core.verb:set package 'in424_simu' build argument 'cmake_target' from command line to 'None'
[1.468s] Level 5:colcon.colcon_core.verb:set package 'in424_simu' build argument 'cmake_target_skip_unavailable' from command line to 'False'
[1.468s] Level 5:colcon.colcon_core.verb:set package 'in424_simu' build argument 'cmake_clean_cache' from command line to 'False'
[1.468s] Level 5:colcon.colcon_core.verb:set package 'in424_simu' build argument 'cmake_clean_first' from command line to 'False'
[1.468s] Level 5:colcon.colcon_core.verb:set package 'in424_simu' build argument 'cmake_force_configure' from command line to 'False'
[1.468s] Level 5:colcon.colcon_core.verb:set package 'in424_simu' build argument 'ament_cmake_args' from command line to 'None'
[1.469s] Level 5:colcon.colcon_core.verb:set package 'in424_simu' build argument 'catkin_cmake_args' from command line to 'None'
[1.469s] Level 5:colcon.colcon_core.verb:set package 'in424_simu' build argument 'catkin_skip_building_tests' from command line to 'False'
[1.469s] DEBUG:colcon.colcon_core.verb:Building package 'in424_simu' with the following arguments: {'ament_cmake_args': None, 'build_base': '/home/val/ros2_ws/build/in424_simu', 'catkin_cmake_args': None, 'catkin_skip_building_tests': False, 'cmake_args': None, 'cmake_clean_cache': False, 'cmake_clean_first': False, 'cmake_force_configure': False, 'cmake_target': None, 'cmake_target_skip_unavailable': False, 'install_base': '/home/val/ros2_ws/install/in424_simu', 'merge_install': False, 'path': '/home/val/ros2_ws/src/IN424/in424_simu', 'symlink_install': True, 'test_result_base': None}
[1.469s] INFO:colcon.colcon_core.executor:Executing jobs using 'parallel' executor
[1.473s] DEBUG:colcon.colcon_parallel_executor.executor.parallel:run_until_complete
[1.474s] INFO:colcon.colcon_ros.task.ament_cmake.build:Building ROS package in '/home/val/ros2_ws/src/IN424/in424_desc' with build type 'ament_cmake'
[1.474s] INFO:colcon.colcon_cmake.task.cmake.build:Building CMake package in '/home/val/ros2_ws/src/IN424/in424_desc'
[1.482s] INFO:colcon.colcon_core.plugin_system:Skipping extension 'colcon_core.shell.bat': Not used on non-Windows systems
[1.483s] INFO:colcon.colcon_core.shell:Skip shell extension 'powershell' for command environment: Not usable outside of PowerShell
[1.483s] DEBUG:colcon.colcon_core.shell:Skip shell extension 'dsv' for command environment
[1.501s] INFO:colcon.colcon_ros.task.ament_cmake.build:Building ROS package in '/home/val/ros2_ws/src/IN424/in424_msgs' with build type 'ament_cmake'
[1.502s] INFO:colcon.colcon_cmake.task.cmake.build:Building CMake package in '/home/val/ros2_ws/src/IN424/in424_msgs'
[1.504s] INFO:colcon.colcon_core.shell:Skip shell extension 'powershell' for command environment: Not usable outside of PowerShell
[1.504s] DEBUG:colcon.colcon_core.shell:Skip shell extension 'dsv' for command environment
[1.538s] INFO:colcon.colcon_ros.task.ament_python.build:Building ROS package in '/home/val/ros2_ws/src/IN424/in424_nav' with build type 'ament_python'
[1.538s] Level 1:colcon.colcon_core.shell:create_environment_hook('in424_nav', 'ament_prefix_path')
[1.539s] INFO:colcon.colcon_core.shell:Creating environment hook '/home/val/ros2_ws/install/in424_nav/share/in424_nav/hook/ament_prefix_path.ps1'
[1.542s] INFO:colcon.colcon_core.shell:Creating environment descriptor '/home/val/ros2_ws/install/in424_nav/share/in424_nav/hook/ament_prefix_path.dsv'
[1.543s] INFO:colcon.colcon_core.shell:Creating environment hook '/home/val/ros2_ws/install/in424_nav/share/in424_nav/hook/ament_prefix_path.sh'
[1.546s] INFO:colcon.colcon_core.shell:Skip shell extension 'powershell' for command environment: Not usable outside of PowerShell
[1.546s] DEBUG:colcon.colcon_core.shell:Skip shell extension 'dsv' for command environment
[1.559s] INFO:colcon.colcon_ros.task.ament_cmake.build:Building ROS package in '/home/val/ros2_ws/src/IN424/in424_simu' with build type 'ament_cmake'
[1.559s] INFO:colcon.colcon_cmake.task.cmake.build:Building CMake package in '/home/val/ros2_ws/src/IN424/in424_simu'
[1.560s] INFO:colcon.colcon_core.shell:Skip shell extension 'powershell' for command environment: Not usable outside of PowerShell
[1.561s] DEBUG:colcon.colcon_core.shell:Skip shell extension 'dsv' for command environment
[1.584s] DEBUG:colcon.colcon_core.event_handler.log_command:Invoking command in '/home/val/ros2_ws/build/in424_desc': CMAKE_PREFIX_PATH=/opt/ros/galactic /usr/bin/cmake /home/val/ros2_ws/src/IN424/in424_desc -DAMENT_CMAKE_SYMLINK_INSTALL=1 -DCMAKE_INSTALL_PREFIX=/home/val/ros2_ws/install/in424_desc
[1.615s] DEBUG:colcon.colcon_core.event_handler.log_command:Invoking command in '/home/val/ros2_ws/build/in424_msgs': CMAKE_PREFIX_PATH=/opt/ros/galactic /usr/bin/cmake /home/val/ros2_ws/src/IN424/in424_msgs -DAMENT_CMAKE_SYMLINK_INSTALL=1 -DCMAKE_INSTALL_PREFIX=/home/val/ros2_ws/install/in424_msgs
[2.129s] INFO:colcon.colcon_core.task.python.build:Building Python package in '/home/val/ros2_ws/src/IN424/in424_nav'
[2.130s] INFO:colcon.colcon_core.shell:Skip shell extension 'powershell' for command environment: Not usable outside of PowerShell
[2.130s] DEBUG:colcon.colcon_core.shell:Skip shell extension 'dsv' for command environment
[2.160s] DEBUG:colcon.colcon_core.event_handler.log_command:Invoking command in '/home/val/ros2_ws/build/in424_simu': CMAKE_PREFIX_PATH=/opt/ros/galactic /usr/bin/cmake /home/val/ros2_ws/src/IN424/in424_simu -DAMENT_CMAKE_SYMLINK_INSTALL=1 -DCMAKE_INSTALL_PREFIX=/home/val/ros2_ws/install/in424_simu
[3.340s] DEBUG:colcon.colcon_core.event_handler.log_command:Invoking command in '/home/val/ros2_ws/build/in424_nav': PYTHONPATH=/home/val/ros2_ws/build/in424_nav/prefix_override:/usr/lib/python3/dist-packages/colcon_core/task/python/colcon_distutils_commands:/home/val/ros2_ws/install/in424_nav/lib/python3.8/site-packages:${PYTHONPATH} /usr/bin/python3 -W ignore:setup.py install is deprecated -W ignore:easy_install command is deprecated setup.py develop --editable --build-directory /home/val/ros2_ws/build/in424_nav/build --no-deps symlink_data
[3.653s] DEBUG:colcon.colcon_core.event_handler.log_command:Invoked command in '/home/val/ros2_ws/build/in424_desc' returned '0': CMAKE_PREFIX_PATH=/opt/ros/galactic /usr/bin/cmake /home/val/ros2_ws/src/IN424/in424_desc -DAMENT_CMAKE_SYMLINK_INSTALL=1 -DCMAKE_INSTALL_PREFIX=/home/val/ros2_ws/install/in424_desc
[3.655s] DEBUG:colcon.colcon_core.event_handler.log_command:Invoking command in '/home/val/ros2_ws/build/in424_desc': CMAKE_PREFIX_PATH=/opt/ros/galactic /usr/bin/cmake --build /home/val/ros2_ws/build/in424_desc -- -j5 -l5
[3.733s] DEBUG:colcon.colcon_core.event_handler.log_command:Invoked command in '/home/val/ros2_ws/build/in424_simu' returned '0': CMAKE_PREFIX_PATH=/opt/ros/galactic /usr/bin/cmake /home/val/ros2_ws/src/IN424/in424_simu -DAMENT_CMAKE_SYMLINK_INSTALL=1 -DCMAKE_INSTALL_PREFIX=/home/val/ros2_ws/install/in424_simu
[3.740s] DEBUG:colcon.colcon_core.event_handler.log_command:Invoking command in '/home/val/ros2_ws/build/in424_simu': CMAKE_PREFIX_PATH=/opt/ros/galactic /usr/bin/cmake --build /home/val/ros2_ws/build/in424_simu -- -j5 -l5
[3.758s] DEBUG:colcon.colcon_core.event_handler.log_command:Invoked command in '/home/val/ros2_ws/build/in424_desc' returned '0': CMAKE_PREFIX_PATH=/opt/ros/galactic /usr/bin/cmake --build /home/val/ros2_ws/build/in424_desc -- -j5 -l5
[3.783s] DEBUG:colcon.colcon_core.event_handler.log_command:Invoking command in '/home/val/ros2_ws/build/in424_desc': CMAKE_PREFIX_PATH=/opt/ros/galactic /usr/bin/cmake --install /home/val/ros2_ws/build/in424_desc
[3.833s] DEBUG:colcon.colcon_core.event_handler.log_command:Invoked command in '/home/val/ros2_ws/build/in424_simu' returned '0': CMAKE_PREFIX_PATH=/opt/ros/galactic /usr/bin/cmake --build /home/val/ros2_ws/build/in424_simu -- -j5 -l5
[3.835s] DEBUG:colcon.colcon_core.event_handler.log_command:Invoking command in '/home/val/ros2_ws/build/in424_simu': CMAKE_PREFIX_PATH=/opt/ros/galactic /usr/bin/cmake --install /home/val/ros2_ws/build/in424_simu
[4.205s] Level 1:colcon.colcon_core.environment:create_environment_scripts_only(in424_desc)
[4.210s] DEBUG:colcon.colcon_core.event_handler.log_command:Invoked command in '/home/val/ros2_ws/build/in424_desc' returned '0': CMAKE_PREFIX_PATH=/opt/ros/galactic /usr/bin/cmake --install /home/val/ros2_ws/build/in424_desc
[4.214s] Level 1:colcon.colcon_core.environment:checking '/home/val/ros2_ws/install/in424_desc' for CMake module files
[4.216s] Level 1:colcon.colcon_core.environment:checking '/home/val/ros2_ws/install/in424_desc' for CMake config files
[4.217s] Level 1:colcon.colcon_core.shell:create_environment_hook('in424_desc', 'cmake_prefix_path')
[4.218s] INFO:colcon.colcon_core.shell:Creating environment hook '/home/val/ros2_ws/install/in424_desc/share/in424_desc/hook/cmake_prefix_path.ps1'
[4.219s] INFO:colcon.colcon_core.shell:Creating environment descriptor '/home/val/ros2_ws/install/in424_desc/share/in424_desc/hook/cmake_prefix_path.dsv'
[4.221s] INFO:colcon.colcon_core.shell:Creating environment hook '/home/val/ros2_ws/install/in424_desc/share/in424_desc/hook/cmake_prefix_path.sh'
[4.222s] Level 1:colcon.colcon_core.environment:checking '/home/val/ros2_ws/install/in424_desc/bin'
[4.223s] Level 1:colcon.colcon_core.environment:checking '/home/val/ros2_ws/install/in424_desc/lib/pkgconfig/in424_desc.pc'
[4.223s] Level 1:colcon.colcon_core.environment:checking '/home/val/ros2_ws/install/in424_desc/lib/python3.8/site-packages'
[4.224s] Level 1:colcon.colcon_core.environment:checking '/home/val/ros2_ws/install/in424_desc/bin'
[4.224s] INFO:colcon.colcon_core.shell:Creating package script '/home/val/ros2_ws/install/in424_desc/share/in424_desc/package.ps1'
[4.226s] INFO:colcon.colcon_core.shell:Creating package descriptor '/home/val/ros2_ws/install/in424_desc/share/in424_desc/package.dsv'
[4.228s] INFO:colcon.colcon_core.shell:Creating package script '/home/val/ros2_ws/install/in424_desc/share/in424_desc/package.sh'
[4.229s] INFO:colcon.colcon_core.shell:Creating package script '/home/val/ros2_ws/install/in424_desc/share/in424_desc/package.bash'
[4.231s] INFO:colcon.colcon_core.shell:Creating package script '/home/val/ros2_ws/install/in424_desc/share/in424_desc/package.zsh'
[4.233s] Level 1:colcon.colcon_core.environment:create_file_with_runtime_dependencies(/home/val/ros2_ws/install/in424_desc/share/colcon-core/packages/in424_desc)
[4.235s] Level 1:colcon.colcon_core.environment:create_environment_scripts_only(in424_desc)
[4.236s] Level 1:colcon.colcon_core.environment:checking '/home/val/ros2_ws/install/in424_desc' for CMake module files
[4.237s] Level 1:colcon.colcon_core.environment:checking '/home/val/ros2_ws/install/in424_desc' for CMake config files
[4.237s] Level 1:colcon.colcon_core.shell:create_environment_hook('in424_desc', 'cmake_prefix_path')
[4.238s] INFO:colcon.colcon_core.shell:Creating environment hook '/home/val/ros2_ws/install/in424_desc/share/in424_desc/hook/cmake_prefix_path.ps1'
[4.239s] INFO:colcon.colcon_core.shell:Creating environment descriptor '/home/val/ros2_ws/install/in424_desc/share/in424_desc/hook/cmake_prefix_path.dsv'
[4.241s] INFO:colcon.colcon_core.shell:Creating environment hook '/home/val/ros2_ws/install/in424_desc/share/in424_desc/hook/cmake_prefix_path.sh'
[4.242s] Level 1:colcon.colcon_core.environment:checking '/home/val/ros2_ws/install/in424_desc/bin'
[4.242s] Level 1:colcon.colcon_core.environment:checking '/home/val/ros2_ws/install/in424_desc/lib/pkgconfig/in424_desc.pc'
[4.243s] Level 1:colcon.colcon_core.environment:checking '/home/val/ros2_ws/install/in424_desc/lib/python3.8/site-packages'
[4.243s] Level 1:colcon.colcon_core.environment:checking '/home/val/ros2_ws/install/in424_desc/bin'
[4.244s] INFO:colcon.colcon_core.shell:Creating package script '/home/val/ros2_ws/install/in424_desc/share/in424_desc/package.ps1'
[4.245s] INFO:colcon.colcon_core.shell:Creating package descriptor '/home/val/ros2_ws/install/in424_desc/share/in424_desc/package.dsv'
[4.246s] INFO:colcon.colcon_core.shell:Creating package script '/home/val/ros2_ws/install/in424_desc/share/in424_desc/package.sh'
[4.246s] INFO:colcon.colcon_core.shell:Creating package script '/home/val/ros2_ws/install/in424_desc/share/in424_desc/package.bash'
[4.247s] INFO:colcon.colcon_core.shell:Creating package script '/home/val/ros2_ws/install/in424_desc/share/in424_desc/package.zsh'
[4.248s] Level 1:colcon.colcon_core.environment:create_file_with_runtime_dependencies(/home/val/ros2_ws/install/in424_desc/share/colcon-core/packages/in424_desc)
[4.345s] DEBUG:colcon.colcon_core.event_handler.log_command:Invoked command in '/home/val/ros2_ws/build/in424_msgs' returned '0': CMAKE_PREFIX_PATH=/opt/ros/galactic /usr/bin/cmake /home/val/ros2_ws/src/IN424/in424_msgs -DAMENT_CMAKE_SYMLINK_INSTALL=1 -DCMAKE_INSTALL_PREFIX=/home/val/ros2_ws/install/in424_msgs
[4.347s] DEBUG:colcon.colcon_core.event_handler.log_command:Invoking command in '/home/val/ros2_ws/build/in424_msgs': CMAKE_PREFIX_PATH=/opt/ros/galactic /usr/bin/cmake --build /home/val/ros2_ws/build/in424_msgs -- -j5 -l5
[4.423s] DEBUG:colcon.colcon_core.event_handler.log_command:Invoked command in '/home/val/ros2_ws/build/in424_msgs' returned '0': CMAKE_PREFIX_PATH=/opt/ros/galactic /usr/bin/cmake --build /home/val/ros2_ws/build/in424_msgs -- -j5 -l5
[4.430s] DEBUG:colcon.colcon_core.event_handler.log_command:Invoking command in '/home/val/ros2_ws/build/in424_msgs': CMAKE_PREFIX_PATH=/opt/ros/galactic /usr/bin/cmake --install /home/val/ros2_ws/build/in424_msgs
[4.470s] Level 1:colcon.colcon_core.shell:create_environment_hook('in424_nav', 'pythonpath_develop')
[4.471s] INFO:colcon.colcon_core.shell:Creating environment hook '/home/val/ros2_ws/build/in424_nav/share/in424_nav/hook/pythonpath_develop.ps1'
[4.472s] DEBUG:colcon.colcon_core.event_handler.log_command:Invoked command in '/home/val/ros2_ws/build/in424_nav' returned '0': PYTHONPATH=/home/val/ros2_ws/build/in424_nav/prefix_override:/usr/lib/python3/dist-packages/colcon_core/task/python/colcon_distutils_commands:/home/val/ros2_ws/install/in424_nav/lib/python3.8/site-packages:${PYTHONPATH} /usr/bin/python3 -W ignore:setup.py install is deprecated -W ignore:easy_install command is deprecated setup.py develop --editable --build-directory /home/val/ros2_ws/build/in424_nav/build --no-deps symlink_data
[4.474s] INFO:colcon.colcon_core.shell:Creating environment descriptor '/home/val/ros2_ws/build/in424_nav/share/in424_nav/hook/pythonpath_develop.dsv'
[4.475s] INFO:colcon.colcon_core.shell:Creating environment hook '/home/val/ros2_ws/build/in424_nav/share/in424_nav/hook/pythonpath_develop.sh'
[4.476s] Level 1:colcon.colcon_core.environment:checking '/home/val/ros2_ws/install/in424_nav' for CMake module files
[4.476s] Level 1:colcon.colcon_core.environment:checking '/home/val/ros2_ws/install/in424_nav' for CMake config files
[4.477s] Level 1:colcon.colcon_core.environment:checking '/home/val/ros2_ws/install/in424_nav/lib'
[4.478s] Level 1:colcon.colcon_core.environment:checking '/home/val/ros2_ws/install/in424_nav/bin'
[4.478s] Level 1:colcon.colcon_core.environment:checking '/home/val/ros2_ws/install/in424_nav/lib/pkgconfig/in424_nav.pc'
[4.478s] Level 1:colcon.colcon_core.environment:checking '/home/val/ros2_ws/install/in424_nav/lib/python3.8/site-packages'
[4.479s] Level 1:colcon.colcon_core.shell:create_environment_hook('in424_nav', 'pythonpath')
[4.479s] INFO:colcon.colcon_core.shell:Creating environment hook '/home/val/ros2_ws/install/in424_nav/share/in424_nav/hook/pythonpath.ps1'
[4.480s] INFO:colcon.colcon_core.shell:Creating environment descriptor '/home/val/ros2_ws/install/in424_nav/share/in424_nav/hook/pythonpath.dsv'
[4.480s] INFO:colcon.colcon_core.shell:Creating environment hook '/home/val/ros2_ws/install/in424_nav/share/in424_nav/hook/pythonpath.sh'
[4.481s] Level 1:colcon.colcon_core.environment:checking '/home/val/ros2_ws/install/in424_nav/bin'
[4.481s] Level 1:colcon.colcon_core.environment:create_environment_scripts_only(in424_nav)
[4.482s] INFO:colcon.colcon_core.shell:Creating package script '/home/val/ros2_ws/install/in424_nav/share/in424_nav/package.ps1'
[4.484s] INFO:colcon.colcon_core.shell:Creating package descriptor '/home/val/ros2_ws/install/in424_nav/share/in424_nav/package.dsv'
[4.485s] INFO:colcon.colcon_core.shell:Creating package script '/home/val/ros2_ws/install/in424_nav/share/in424_nav/package.sh'
[4.485s] INFO:colcon.colcon_core.shell:Creating package script '/home/val/ros2_ws/install/in424_nav/share/in424_nav/package.bash'
[4.486s] INFO:colcon.colcon_core.shell:Creating package script '/home/val/ros2_ws/install/in424_nav/share/in424_nav/package.zsh'
[4.486s] Level 1:colcon.colcon_core.environment:create_file_with_runtime_dependencies(/home/val/ros2_ws/install/in424_nav/share/colcon-core/packages/in424_nav)
[4.489s] Level 1:colcon.colcon_core.environment:create_environment_scripts_only(in424_simu)
[4.490s] Level 1:colcon.colcon_core.environment:checking '/home/val/ros2_ws/install/in424_simu' for CMake module files
[4.491s] DEBUG:colcon.colcon_core.event_handler.log_command:Invoked command in '/home/val/ros2_ws/build/in424_simu' returned '0': CMAKE_PREFIX_PATH=/opt/ros/galactic /usr/bin/cmake --install /home/val/ros2_ws/build/in424_simu
[4.492s] Level 1:colcon.colcon_core.environment:checking '/home/val/ros2_ws/install/in424_simu' for CMake config files
[4.493s] Level 1:colcon.colcon_core.shell:create_environment_hook('in424_simu', 'cmake_prefix_path')
[4.493s] INFO:colcon.colcon_core.shell:Creating environment hook '/home/val/ros2_ws/install/in424_simu/share/in424_simu/hook/cmake_prefix_path.ps1'
[4.494s] INFO:colcon.colcon_core.shell:Creating environment descriptor '/home/val/ros2_ws/install/in424_simu/share/in424_simu/hook/cmake_prefix_path.dsv'
[4.495s] INFO:colcon.colcon_core.shell:Creating environment hook '/home/val/ros2_ws/install/in424_simu/share/in424_simu/hook/cmake_prefix_path.sh'
[4.495s] Level 1:colcon.colcon_core.environment:checking '/home/val/ros2_ws/install/in424_simu/bin'
[4.496s] Level 1:colcon.colcon_core.environment:checking '/home/val/ros2_ws/install/in424_simu/lib/pkgconfig/in424_simu.pc'
[4.496s] Level 1:colcon.colcon_core.environment:checking '/home/val/ros2_ws/install/in424_simu/lib/python3.8/site-packages'
[4.496s] Level 1:colcon.colcon_core.environment:checking '/home/val/ros2_ws/install/in424_simu/bin'
[4.497s] INFO:colcon.colcon_core.shell:Creating package script '/home/val/ros2_ws/install/in424_simu/share/in424_simu/package.ps1'
[4.498s] INFO:colcon.colcon_core.shell:Creating package descriptor '/home/val/ros2_ws/install/in424_simu/share/in424_simu/package.dsv'
[4.498s] INFO:colcon.colcon_core.shell:Creating package script '/home/val/ros2_ws/install/in424_simu/share/in424_simu/package.sh'
[4.499s] INFO:colcon.colcon_core.shell:Creating package script '/home/val/ros2_ws/install/in424_simu/share/in424_simu/package.bash'
[4.500s] INFO:colcon.colcon_core.shell:Creating package script '/home/val/ros2_ws/install/in424_simu/share/in424_simu/package.zsh'
[4.501s] Level 1:colcon.colcon_core.environment:create_file_with_runtime_dependencies(/home/val/ros2_ws/install/in424_simu/share/colcon-core/packages/in424_simu)
[4.502s] Level 1:colcon.colcon_core.environment:create_environment_scripts_only(in424_simu)
[4.503s] Level 1:colcon.colcon_core.environment:checking '/home/val/ros2_ws/install/in424_simu' for CMake module files
[4.503s] Level 1:colcon.colcon_core.environment:checking '/home/val/ros2_ws/install/in424_simu' for CMake config files
[4.504s] Level 1:colcon.colcon_core.shell:create_environment_hook('in424_simu', 'cmake_prefix_path')
[4.505s] INFO:colcon.colcon_core.shell:Creating environment hook '/home/val/ros2_ws/install/in424_simu/share/in424_simu/hook/cmake_prefix_path.ps1'
[4.506s] INFO:colcon.colcon_core.shell:Creating environment descriptor '/home/val/ros2_ws/install/in424_simu/share/in424_simu/hook/cmake_prefix_path.dsv'
[4.506s] INFO:colcon.colcon_core.shell:Creating environment hook '/home/val/ros2_ws/install/in424_simu/share/in424_simu/hook/cmake_prefix_path.sh'
[4.507s] Level 1:colcon.colcon_core.environment:checking '/home/val/ros2_ws/install/in424_simu/bin'
[4.508s] Level 1:colcon.colcon_core.environment:checking '/home/val/ros2_ws/install/in424_simu/lib/pkgconfig/in424_simu.pc'
[4.508s] Level 1:colcon.colcon_core.environment:checking '/home/val/ros2_ws/install/in424_simu/lib/python3.8/site-packages'
[4.508s] Level 1:colcon.colcon_core.environment:checking '/home/val/ros2_ws/install/in424_simu/bin'
[4.509s] INFO:colcon.colcon_core.shell:Creating package script '/home/val/ros2_ws/install/in424_simu/share/in424_simu/package.ps1'
[4.512s] INFO:colcon.colcon_core.shell:Creating package descriptor '/home/val/ros2_ws/install/in424_simu/share/in424_simu/package.dsv'
[4.513s] INFO:colcon.colcon_core.shell:Creating package script '/home/val/ros2_ws/install/in424_simu/share/in424_simu/package.sh'
[4.514s] INFO:colcon.colcon_core.shell:Creating package script '/home/val/ros2_ws/install/in424_simu/share/in424_simu/package.bash'
[4.514s] INFO:colcon.colcon_core.shell:Creating package script '/home/val/ros2_ws/install/in424_simu/share/in424_simu/package.zsh'
[4.515s] Level 1:colcon.colcon_core.environment:create_file_with_runtime_dependencies(/home/val/ros2_ws/install/in424_simu/share/colcon-core/packages/in424_simu)
[4.707s] Level 1:colcon.colcon_core.environment:create_environment_scripts_only(in424_msgs)
[4.708s] Level 1:colcon.colcon_core.environment:checking '/home/val/ros2_ws/install/in424_msgs' for CMake module files
[4.709s] DEBUG:colcon.colcon_core.event_handler.log_command:Invoked command in '/home/val/ros2_ws/build/in424_msgs' returned '0': CMAKE_PREFIX_PATH=/opt/ros/galactic /usr/bin/cmake --install /home/val/ros2_ws/build/in424_msgs
[4.710s] Level 1:colcon.colcon_core.environment:checking '/home/val/ros2_ws/install/in424_msgs' for CMake config files
[4.710s] Level 1:colcon.colcon_core.shell:create_environment_hook('in424_msgs', 'cmake_prefix_path')
[4.711s] INFO:colcon.colcon_core.shell:Creating environment hook '/home/val/ros2_ws/install/in424_msgs/share/in424_msgs/hook/cmake_prefix_path.ps1'
[4.711s] INFO:colcon.colcon_core.shell:Creating environment descriptor '/home/val/ros2_ws/install/in424_msgs/share/in424_msgs/hook/cmake_prefix_path.dsv'
[4.712s] INFO:colcon.colcon_core.shell:Creating environment hook '/home/val/ros2_ws/install/in424_msgs/share/in424_msgs/hook/cmake_prefix_path.sh'
[4.713s] Level 1:colcon.colcon_core.environment:checking '/home/val/ros2_ws/install/in424_msgs/bin'
[4.713s] Level 1:colcon.colcon_core.environment:checking '/home/val/ros2_ws/install/in424_msgs/lib/pkgconfig/in424_msgs.pc'
[4.714s] Level 1:colcon.colcon_core.environment:checking '/home/val/ros2_ws/install/in424_msgs/lib/python3.8/site-packages'
[4.715s] Level 1:colcon.colcon_core.environment:checking '/home/val/ros2_ws/install/in424_msgs/bin'
[4.716s] INFO:colcon.colcon_core.shell:Creating package script '/home/val/ros2_ws/install/in424_msgs/share/in424_msgs/package.ps1'
[4.718s] INFO:colcon.colcon_core.shell:Creating package descriptor '/home/val/ros2_ws/install/in424_msgs/share/in424_msgs/package.dsv'
[4.719s] INFO:colcon.colcon_core.shell:Creating package script '/home/val/ros2_ws/install/in424_msgs/share/in424_msgs/package.sh'
[4.721s] INFO:colcon.colcon_core.shell:Creating package script '/home/val/ros2_ws/install/in424_msgs/share/in424_msgs/package.bash'
[4.722s] INFO:colcon.colcon_core.shell:Creating package script '/home/val/ros2_ws/install/in424_msgs/share/in424_msgs/package.zsh'
[4.724s] Level 1:colcon.colcon_core.environment:create_file_with_runtime_dependencies(/home/val/ros2_ws/install/in424_msgs/share/colcon-core/packages/in424_msgs)
[4.726s] Level 1:colcon.colcon_core.environment:create_environment_scripts_only(in424_msgs)
[4.727s] Level 1:colcon.colcon_core.environment:checking '/home/val/ros2_ws/install/in424_msgs' for CMake module files
[4.728s] Level 1:colcon.colcon_core.environment:checking '/home/val/ros2_ws/install/in424_msgs' for CMake config files
[4.730s] Level 1:colcon.colcon_core.shell:create_environment_hook('in424_msgs', 'cmake_prefix_path')
[4.730s] INFO:colcon.colcon_core.shell:Creating environment hook '/home/val/ros2_ws/install/in424_msgs/share/in424_msgs/hook/cmake_prefix_path.ps1'
[4.732s] INFO:colcon.colcon_core.shell:Creating environment descriptor '/home/val/ros2_ws/install/in424_msgs/share/in424_msgs/hook/cmake_prefix_path.dsv'
[4.734s] INFO:colcon.colcon_core.shell:Creating environment hook '/home/val/ros2_ws/install/in424_msgs/share/in424_msgs/hook/cmake_prefix_path.sh'
[4.735s] Level 1:colcon.colcon_core.environment:checking '/home/val/ros2_ws/install/in424_msgs/bin'
[4.735s] Level 1:colcon.colcon_core.environment:checking '/home/val/ros2_ws/install/in424_msgs/lib/pkgconfig/in424_msgs.pc'
[4.736s] Level 1:colcon.colcon_core.environment:checking '/home/val/ros2_ws/install/in424_msgs/lib/python3.8/site-packages'
[4.737s] Level 1:colcon.colcon_core.environment:checking '/home/val/ros2_ws/install/in424_msgs/bin'
[4.738s] INFO:colcon.colcon_core.shell:Creating package script '/home/val/ros2_ws/install/in424_msgs/share/in424_msgs/package.ps1'
[4.740s] INFO:colcon.colcon_core.shell:Creating package descriptor '/home/val/ros2_ws/install/in424_msgs/share/in424_msgs/package.dsv'
[4.741s] INFO:colcon.colcon_core.shell:Creating package script '/home/val/ros2_ws/install/in424_msgs/share/in424_msgs/package.sh'
[4.743s] INFO:colcon.colcon_core.shell:Creating package script '/home/val/ros2_ws/install/in424_msgs/share/in424_msgs/package.bash'
[4.743s] INFO:colcon.colcon_core.shell:Creating package script '/home/val/ros2_ws/install/in424_msgs/share/in424_msgs/package.zsh'
[4.744s] Level 1:colcon.colcon_core.environment:create_file_with_runtime_dependencies(/home/val/ros2_ws/install/in424_msgs/share/colcon-core/packages/in424_msgs)
[4.745s] DEBUG:colcon.colcon_parallel_executor.executor.parallel:closing loop
[4.746s] DEBUG:colcon.colcon_parallel_executor.executor.parallel:loop closed
[4.746s] DEBUG:colcon.colcon_parallel_executor.executor.parallel:run_until_complete finished with '0'
[4.746s] DEBUG:colcon.colcon_core.event_reactor:joining thread
[4.767s] INFO:colcon.colcon_core.plugin_system:Skipping extension 'colcon_notification.desktop_notification.terminal_notifier': Not used on non-Darwin systems
[4.767s] INFO:colcon.colcon_core.plugin_system:Skipping extension 'colcon_notification.desktop_notification.win32': Not used on non-Windows systems
[4.767s] INFO:colcon.colcon_notification.desktop_notification:Sending desktop notification using 'notify2'
[4.831s] DEBUG:colcon.colcon_core.event_reactor:joined thread
[4.832s] INFO:colcon.colcon_core.shell:Creating prefix script '/home/val/ros2_ws/install/local_setup.ps1'
[4.836s] INFO:colcon.colcon_core.shell:Creating prefix util module '/home/val/ros2_ws/install/_local_setup_util_ps1.py'
[4.843s] INFO:colcon.colcon_core.shell:Creating prefix chain script '/home/val/ros2_ws/install/setup.ps1'
[4.847s] INFO:colcon.colcon_core.shell:Creating prefix script '/home/val/ros2_ws/install/local_setup.sh'
[4.850s] INFO:colcon.colcon_core.shell:Creating prefix util module '/home/val/ros2_ws/install/_local_setup_util_sh.py'
[4.852s] INFO:colcon.colcon_core.shell:Creating prefix chain script '/home/val/ros2_ws/install/setup.sh'
[4.856s] INFO:colcon.colcon_core.shell:Creating prefix script '/home/val/ros2_ws/install/local_setup.bash'
[4.858s] INFO:colcon.colcon_core.shell:Creating prefix chain script '/home/val/ros2_ws/install/setup.bash'
[4.862s] INFO:colcon.colcon_core.shell:Creating prefix script '/home/val/ros2_ws/install/local_setup.zsh'
[4.864s] INFO:colcon.colcon_core.shell:Creating prefix chain script '/home/val/ros2_ws/install/setup.zsh'
